<?xml version="1.0" encoding="UTF-8"?>
<!-- Generated by org.testng.reporters.JUnitReportReporter -->
<testsuite hostname="PDC2-L-4Y3TPP3" failures="0" tests="1" name="apisession.day1.ReadJSONFile" time="0.012" errors="0" timestamp="2024-09-08T16:30:45 IST" skipped="0">
  <testcase classname="apisession.day1.ReadJSONFile" name="readJSONFile" time="0.012"/>
  <system-out/>
</testsuite> <!-- apisession.day1.ReadJSONFile -->
