<?xml version="1.0" encoding="UTF-8"?>
<!-- Generated by org.testng.reporters.JUnitReportReporter -->
<testsuite hostname="PDC2-L-4Y3TPP3" failures="0" tests="1" name="apisession.day1.JSONExample1" time="0.017" errors="0" timestamp="2024-09-08T15:46:47 IST" skipped="0">
  <testcase classname="apisession.day1.JSONExample1" name="testJSONStringConvertionIntoJSONObject" time="0.017"/>
  <system-out/>
</testsuite> <!-- apisession.day1.JSONExample1 -->
