<?xml version="1.0" encoding="UTF-8"?>
<!-- Generated by org.testng.reporters.JUnitReportReporter -->
<testsuite hostname="DESKTOP-LLLGMOJ" failures="0" tests="4" name="api.testcase.TestUserFlowWithFaker" time="12.105" errors="0" timestamp="2024-09-21T16:12:33 IST" skipped="0">
  <testcase classname="api.testcase.TestUserFlowWithFaker" name="testUserCreation" time="7.736"/>
  <testcase classname="api.testcase.TestUserFlowWithFaker" name="testToGetCreatedUser" time="1.117"/>
  <testcase classname="api.testcase.TestUserFlowWithFaker" name="testUpdateUser" time="2.159"/>
  <testcase classname="api.testcase.TestUserFlowWithFaker" name="testDeleteUser" time="1.093"/>
</testsuite> <!-- api.testcase.TestUserFlowWithFaker -->
