<?xml version="1.0" encoding="UTF-8"?>
<!-- Generated by org.testng.reporters.JUnitReportReporter -->
<testsuite hostname="DESKTOP-LLLGMOJ" failures="0" tests="6" name="api.testcase.TestUserFlowWithDataProviderExcelData" time="9.955" errors="0" timestamp="2024-09-21T16:25:16 IST" skipped="0">
  <testcase classname="api.testcase.TestUserFlowWithDataProviderExcelData" name="testUserCreation" time="1.129"/>
  <testcase classname="api.testcase.TestUserFlowWithDataProviderExcelData" name="testUserCreation" time="4.517"/>
  <testcase classname="api.testcase.TestUserFlowWithDataProviderExcelData" name="testUserCreation" time="1.092"/>
  <testcase classname="api.testcase.TestUserFlowWithDataProviderExcelData" name="testDeleteUser" time="1.074"/>
  <testcase classname="api.testcase.TestUserFlowWithDataProviderExcelData" name="testDeleteUser" time="1.063"/>
  <testcase classname="api.testcase.TestUserFlowWithDataProviderExcelData" name="testDeleteUser" time="1.080"/>
</testsuite> <!-- api.testcase.TestUserFlowWithDataProviderExcelData -->
